<?xml version="1.0" encoding="UTF-8"?>
<!-- Generated by org.testng.reporters.JUnitReportReporter -->
<testsuite hostname="BRILAP3139" failures="0" tests="4" name="com.testcase.data.TestClass" time="11.087" errors="0" timestamp="2021-07-14T11:46:42 IST" skipped="0">
  <testcase classname="com.testcase.data.TestClass" name="enter_UserDetails" time="3.535"/>
  <system-out/>
  <testcase classname="com.testcase.data.TestClass" name="enter_UserDetails" time="2.489"/>
  <system-out/>
  <testcase classname="com.testcase.data.TestClass" name="enter_UserDetails" time="2.637"/>
  <system-out/>
  <testcase classname="com.testcase.data.TestClass" name="enter_UserDetails" time="2.426"/>
  <system-out/>
</testsuite> <!-- com.testcase.data.TestClass -->
