<?xml version="1.0" encoding="UTF-8"?>
<!-- Generated by org.testng.reporters.JUnitReportReporter -->
<testsuite hostname="BRILAP1418" failures="0" tests="4" name="tests.TestClass" time="27.791" errors="0" timestamp="2021-07-14T11:17:52 IST" skipped="0">
  <testcase classname="tests.TestClass" name="enter_UserDetails" time="6.867"/>
  <system-out/>
  <testcase classname="tests.TestClass" name="enter_UserDetails" time="5.894"/>
  <system-out/>
  <testcase classname="tests.TestClass" name="enter_UserDetails" time="6.528"/>
  <system-out/>
  <testcase classname="tests.TestClass" name="enter_UserDetails" time="8.502"/>
  <system-out/>
</testsuite> <!-- tests.TestClass -->
